<?xml version="1.0" encoding="UTF-8"?>
<coverage generated="1563546479531" clover="3.2.0">
  <project timestamp="1563546479532" name="All files">
    <metrics statements="24" coveredstatements="24" conditionals="4" coveredconditionals="4" methods="4" coveredmethods="4" elements="32" coveredelements="32" complexity="0" loc="24" ncloc="24" packages="1" files="2" classes="2"/>
    <file name="index.js" path="/Users/kevinjme/katas/kata-2019-Look-and-say/index.js">
      <metrics statements="7" coveredstatements="7" conditionals="0" coveredconditionals="0" methods="1" coveredmethods="1"/>
      <line num="1" count="1" type="stmt"/>
      <line num="3" count="1" type="stmt"/>
      <line num="4" count="1" type="stmt"/>
      <line num="5" count="1" type="stmt"/>
      <line num="6" count="3" type="stmt"/>
      <line num="8" count="1" type="stmt"/>
      <line num="11" count="1" type="stmt"/>
    </file>
    <file name="lookAndSay.js" path="/Users/kevinjme/katas/kata-2019-Look-and-say/lookAndSay.js">
      <metrics statements="17" coveredstatements="17" conditionals="4" coveredconditionals="4" methods="3" coveredmethods="3"/>
      <line num="2" count="1" type="stmt"/>
      <line num="3" count="29" type="stmt"/>
      <line num="4" count="29" type="stmt"/>
      <line num="5" count="48" type="cond" truecount="2" falsecount="0"/>
      <line num="6" count="30" type="stmt"/>
      <line num="8" count="18" type="stmt"/>
      <line num="11" count="29" type="stmt"/>
      <line num="14" count="1" type="stmt"/>
      <line num="15" count="8" type="stmt"/>
      <line num="16" count="8" type="stmt"/>
      <line num="17" count="8" type="stmt"/>
      <line num="18" count="27" type="stmt"/>
      <line num="19" count="27" type="cond" truecount="2" falsecount="0"/>
      <line num="20" count="17" type="stmt"/>
      <line num="21" count="27" type="stmt"/>
      <line num="22" count="27" type="stmt"/>
      <line num="26" count="1" type="stmt"/>
    </file>
  </project>
</coverage>
