TN:
SF:/Users/kevinjme/katas/kata-2019-Look-and-say/index.js
FN:3,(anonymous_0)
FNF:1
FNH:1
FNDA:1,(anonymous_0)
DA:1,1
DA:3,1
DA:4,1
DA:5,1
DA:6,3
DA:8,1
DA:11,1
LF:7
LH:7
BRF:0
BRH:0
end_of_record
TN:
SF:/Users/kevinjme/katas/kata-2019-Look-and-say/lookAndSay.js
FN:2,(anonymous_0)
FN:14,(anonymous_1)
FN:17,(anonymous_2)
FNF:3
FNH:3
FNDA:29,(anonymous_0)
FNDA:8,(anonymous_1)
FNDA:27,(anonymous_2)
DA:2,1
DA:3,29
DA:4,29
DA:5,48
DA:6,30
DA:8,18
DA:11,29
DA:14,1
DA:15,8
DA:16,8
DA:17,8
DA:18,27
DA:19,27
DA:20,17
DA:21,27
DA:22,27
DA:26,1
LF:17
LH:17
BRDA:5,0,0,30
BRDA:5,0,1,18
BRDA:19,1,0,10
BRDA:19,1,1,17
BRF:4
BRH:4
end_of_record
